<?xml version="1.0" encoding="UTF-8"?>
<beans xmlns="http://www.springframework.org/schema/beans"
       xmlns:xsi="http://www.w3.org/2001/XMLSchema-instance"
       xmlns:context="http://www.springframework.org/schema/context"
       xmlns:mvc="http://www.springframework.org/schema/mvc"
       xmlns:webflow-config="http://www.springframework.org/schema/webflow-config"
       xsi:schemaLocation="http://www.springframework.org/schema/beans http://www.springframework.org/schema/beans/spring-beans.xsd
       http://www.springframework.org/schema/context http://www.springframework.org/schema/context/spring-context-4.0.xsd
       http://www.springframework.org/schema/mvc http://www.springframework.org/schema/mvc/spring-mvc-4.0.xsd
       http://www.springframework.org/schema/webflow-config http://www.springframework.org/schema/webflow-config/spring-webflowconfig-2.3.xsd">

    <mvc:annotation-driven validator="validator"/>
    <context:component-scan base-package="pl.matfro.webstore" />

    <context:property-placeholder location="classpath:db.properties"/>

    <bean class="org.springframework.web.servlet.view.ContentNegotiatingViewResolver">
        <property name="order" value="1"/>
        <property name="defaultViews">
            <list>
                <ref bean="jsonView"/>
                <ref bean="xmlView"/>
            </list>
        </property>
        <property name="viewResolvers">
            <list>
                <ref bean="tilesViewResolver"/>
                <ref bean="internalViewResolver"/>
            </list>
        </property>
    </bean>

    <bean id="jsonView" class="org.springframework.web.servlet.view.json.MappingJackson2JsonView"/>

    <bean id="xmlView" class="org.springframework.web.servlet.view.xml.MappingJackson2XmlView">
        <constructor-arg>
            <bean class=" com.fasterxml.jackson.dataformat.xml.XmlMapper"/>
        </constructor-arg>
    </bean>

    <bean id="tilesViewResolver" class="org.springframework.web.servlet.view.UrlBasedViewResolver">
        <property name="viewClass" value="org.springframework.web.servlet.view.tiles3.TilesView"/>
        <property name="order" value="2"/>
    </bean>

    <bean id="tilesConfigurer" class="org.springframework.web.servlet.view.tiles3.TilesConfigurer">
        <property name="definitions">
            <list>
                <value>/WEB-INF/tiles/definitions/tile-definition.xml</value>
            </list>
        </property>
    </bean>

    <bean id="internalViewResolver" class="org.springframework.web.servlet.view.InternalResourceViewResolver">
        <property name="prefix" value="/WEB-INF/views/" />
        <property name="suffix" value=".jsp" />
        <property name="order" value="3"/>
    </bean>

    <bean id="messageSource" class="org.springframework.context.support.ResourceBundleMessageSource">
        <property name="basename" value="messages"/>
        <property name="defaultEncoding" value="UTF-8"/>
    </bean>

    <bean id="validator" class="org.springframework.validation.beanvalidation.LocalValidatorFactoryBean">
        <property name="validationMessageSource" ref="messageSource"/>
    </bean>

    <bean id="productValidator" class="pl.matfro.webstore.validator.ProductValidator">
        <property name="springValidators">
            <set>
                <ref bean="unitsInStockValidator"/>
                <!--<ref bean="productImageValidator"/>-->
            </set>
        </property>
    </bean>

    <bean id="unitsInStockValidator" class="pl.matfro.webstore.validator.UnitsInStockValidator"/>

    <bean id="productImageValidator" class="pl.matfro.webstore.validator.ProductImageValidator">
        <property name="allowedSize" value="1048576"/>
    </bean>

    <bean id="sessionFactory" class="org.springframework.orm.hibernate5.LocalSessionFactoryBean">
        <property name="dataSource" ref="dataSource"/>
        <property name="packagesToScan">
            <list>
                <value>pl.matfro.webstore.domain</value>
                <value>pl.matfro.webstore.security</value>
            </list>
        </property>
        <property name="hibernateProperties">
            <props>
                <prop key="hibernate.dialect">${hibernate.dialect}</prop>
                <prop key="hibernate.show_sql">${hibernate.show_sql:false}</prop>
                <prop key="hibernate.format_sql">${hibernate.format_sql:false}</prop>
                <prop key="hibernate.hbm2ddl.auto">${hibernate.hbm2ddl_auto}</prop>
                <prop key="javax.persistence.validation.mode">${hibernate.validation_mode}</prop>
                <prop key="dynamic-update">true</prop>
            </props>
        </property>
    </bean>

    <bean id="dataSource" class="com.mchange.v2.c3p0.ComboPooledDataSource" destroy-method="close">
        <property name="driverClass" value="${jdbc.driverClassName}"/>
        <property name="jdbcUrl" value="${jdbc.url}"/>
        <property name="user" value="${jdbc.username}"/>
        <property name="password" value="${jdbc.password}"/>
        <property name="acquireIncrement" value="${c3p0.acquire_increment}"/>
        <property name="minPoolSize" value="${c3p0.min_size}"/>
        <property name="maxPoolSize" value="${c3p0.max_size}"/>
        <property name="maxIdleTime" value="${c3p0.maxIdleTime}"/>
    </bean>
</beans>